#
# There is insufficient memory for the Java Runtime Environment to continue.
# Native memory allocation (mmap) failed to map 77594624 bytes for committing reserved memory.
# Possible reasons:
#   The system is out of physical RAM or swap space
#   The process is running with CompressedOops enabled, and the Java Heap may be blocking the growth of the native heap
# Possible solutions:
#   Reduce memory load on the system
#   Increase physical memory or swap space
#   Check if swap backing store is full
#   Decrease Java heap size (-Xmx/-Xms)
#   Decrease number of Java threads
#   Decrease Java thread stack sizes (-Xss)
#   Set larger code cache with -XX:ReservedCodeCacheSize=
#   JVM is running with Unscaled Compressed Oops mode in which the Java heap is
#     placed in the first 4GB address space. The Java Heap base address is the
#     maximum limit for the native heap growth. Please use -XX:HeapBaseMinAddress
#     to set the Java Heap base and to place the Java Heap above 4GB virtual address.
# This output file may be truncated or incomplete.
#
#  Out of Memory Error (os_linux.cpp:2757), pid=7754, tid=0x00007ff50dcc4700
#
# JRE version: OpenJDK Runtime Environment (8.0_252-b09) (build 1.8.0_252-8u252-b09-1~16.04-b09)
# Java VM: OpenJDK 64-Bit Server VM (25.252-b09 mixed mode linux-amd64 compressed oops)
# Failed to write core dump. Core dumps have been disabled. To enable core dumping, try "ulimit -c unlimited" before starting Java again
#

---------------  T H R E A D  ---------------

Current thread (0x00007ff5200fb800):  VMThread [stack: 0x00007ff50dbc4000,0x00007ff50dcc5000] [id=7758]

Stack: [0x00007ff50dbc4000,0x00007ff50dcc5000],  sp=0x00007ff50dcc3390,  free space=1020k
Native frames: (J=compiled Java code, j=interpreted, Vv=VM code, C=native code)
V  [libjvm.so+0xa7af9b]
V  [libjvm.so+0x4ccc7c]
V  [libjvm.so+0x8c8ce8]
V  [libjvm.so+0x8c032e]
V  [libjvm.so+0x93e076]
V  [libjvm.so+0x93f3a3]
V  [libjvm.so+0x93ba84]
V  [libjvm.so+0x93bd1c]
V  [libjvm.so+0x8ed9e3]
V  [libjvm.so+0xa7ccd2]
V  [libjvm.so+0xa81db7]
V  [libjvm.so+0xa7f5c7]
V  [libjvm.so+0xa80855]
V  [libjvm.so+0xa80e22]
V  [libjvm.so+0x8c6042]

VM_Operation (0x00007ff526e00430): ParallelGCFailedAllocation, mode: safepoint, requested by thread 0x00007ff52000a800


---------------  P R O C E S S  ---------------

Java Threads: ( => current thread )
  0x00007ff5205dd800 JavaThread "process reaper" daemon [_thread_blocked, id=7778, stack(0x00007ff50c0a0000,0x00007ff50c0d9000)]
  0x00007ff520142000 JavaThread "Service Thread" daemon [_thread_blocked, id=7764, stack(0x00007ff50cbb9000,0x00007ff50ccba000)]
  0x00007ff52013f800 JavaThread "C1 CompilerThread1" daemon [_thread_blocked, id=7763, stack(0x00007ff50ccba000,0x00007ff50cdbb000)]
  0x00007ff52013c800 JavaThread "C2 CompilerThread0" daemon [_thread_blocked, id=7762, stack(0x00007ff50cdbb000,0x00007ff50cebc000)]
  0x00007ff52013b000 JavaThread "Signal Dispatcher" daemon [_thread_blocked, id=7761, stack(0x00007ff50cebc000,0x00007ff50cfbd000)]
  0x00007ff520109800 JavaThread "Finalizer" daemon [_thread_blocked, id=7760, stack(0x00007ff50d9c2000,0x00007ff50dac3000)]
  0x00007ff520105000 JavaThread "Reference Handler" daemon [_thread_blocked, id=7759, stack(0x00007ff50dac3000,0x00007ff50dbc4000)]
  0x00007ff52000a800 JavaThread "main" [_thread_blocked, id=7755, stack(0x00007ff526d01000,0x00007ff526e02000)]

Other Threads:
=>0x00007ff5200fb800 VMThread [stack: 0x00007ff50dbc4000,0x00007ff50dcc5000] [id=7758]
  0x00007ff520144800 WatcherThread [stack: 0x00007ff50cab8000,0x00007ff50cbb9000] [id=7765]

VM state:at safepoint (normal execution)

VM Mutex/Monitor currently owned by a thread:  ([mutex/lock_event])
[0x00007ff520006f80] Threads_lock - owner thread: 0x00007ff5200fb800
[0x00007ff520007480] Heap_lock - owner thread: 0x00007ff52000a800

heap address: 0x00000000e2200000, size: 478 MB, Compressed Oops mode: 32-bit
Narrow klass base: 0x0000000000000000, Narrow klass shift: 3
Compressed class space size: 1073741824 Address: 0x0000000100000000

Heap:
 PSYoungGen      total 33792K, used 1008K [0x00000000f6100000, 0x00000000f8300000, 0x0000000100000000)
  eden space 32768K, 0% used [0x00000000f6100000,0x00000000f6100000,0x00000000f8100000)
  from space 1024K, 98% used [0x00000000f8100000,0x00000000f81fc010,0x00000000f8200000)
  to   space 1024K, 0% used [0x00000000f8200000,0x00000000f8200000,0x00000000f8300000)
 ParOldGen       total 38912K, used 37474K [0x00000000e2200000, 0x00000000e4800000, 0x00000000f6100000)
  object space 38912K, 96% used [0x00000000e2200000,0x00000000e4698a58,0x00000000e4800000)
 Metaspace       used 16366K, capacity 16770K, committed 17024K, reserved 1064960K
  class space    used 1984K, capacity 2093K, committed 2176K, reserved 1048576K

Card table byte_map: [0x00007ff5240b9000,0x00007ff5241a9000] byte_map_base: 0x00007ff5239a8000

Marking Bits: (ParMarkBitMap*) 0x00007ff525fc75a0
 Begin Bits: [0x00007ff50f105000, 0x00007ff50f87d000)
 End Bits:   [0x00007ff50f87d000, 0x00007ff50fff5000)

Polling page: 0x00007ff526e1b000

CodeCache: size=245760Kb used=3241Kb max_used=3256Kb free=242518Kb
 bounds [0x00007ff5105b7000, 0x00007ff5108f7000, 0x00007ff51f5b7000]
 total_blobs=1336 nmethods=935 adapters=316
 compilation: enabled

Compilation events (10 events):
Event: 8.997 Thread 0x00007ff52013c800 nmethod 948% 0x00007ff5108dacd0 code [0x00007ff5108daea0, 0x00007ff5108db7c8]
Event: 8.997 Thread 0x00007ff52013c800  945       4       com.graphhopper.util.BitUtilLittle::toInt (47 bytes)
Event: 8.998 Thread 0x00007ff52013c800 nmethod 945 0x00007ff5108dc250 code [0x00007ff5108dc3a0, 0x00007ff5108dc498]
Event: 8.998 Thread 0x00007ff52013c800  893       4       java.util.Locale::hashCode (41 bytes)
Event: 9.010 Thread 0x00007ff52013c800 nmethod 893 0x00007ff5108dd1d0 code [0x00007ff5108dd360, 0x00007ff5108dd998]
Event: 9.010 Thread 0x00007ff52013c800  894       4       sun.util.locale.BaseLocale::hashCode (63 bytes)
Event: 9.033 Thread 0x00007ff52013c800 nmethod 894 0x00007ff5108dc7d0 code [0x00007ff5108dc940, 0x00007ff5108dcef8]
Event: 9.033 Thread 0x00007ff52013c800  906       4       sun.util.locale.provider.LocaleProviderAdapter::getAdapter (171 bytes)
Event: 9.057 Thread 0x00007ff52013c800 nmethod 906 0x00007ff5108e6cd0 code [0x00007ff5108e6f00, 0x00007ff5108e7da8]
Event: 9.092 Thread 0x00007ff52013c800  949   !   4       com.graphhopper.storage.RAMIntDataAccess::loadExisting (289 bytes)

GC Heap History (9 events):
Event: 3.565 GC heap before
{Heap before GC invocations=1 (full 0):
 PSYoungGen      total 9216K, used 8192K [0x00000000f6100000, 0x00000000f6b00000, 0x0000000100000000)
  eden space 8192K, 100% used [0x00000000f6100000,0x00000000f6900000,0x00000000f6900000)
  from space 1024K, 0% used [0x00000000f6a00000,0x00000000f6a00000,0x00000000f6b00000)
  to   space 1024K, 0% used [0x00000000f6900000,0x00000000f6900000,0x00000000f6a00000)
 ParOldGen       total 20480K, used 0K [0x00000000e2200000, 0x00000000e3600000, 0x00000000f6100000)
  object space 20480K, 0% used [0x00000000e2200000,0x00000000e2200000,0x00000000e3600000)
 Metaspace       used 6341K, capacity 6466K, committed 6784K, reserved 1056768K
  class space    used 724K, capacity 793K, committed 896K, reserved 1048576K
Event: 3.611 GC heap after
Heap after GC invocations=1 (full 0):
 PSYoungGen      total 9216K, used 992K [0x00000000f6100000, 0x00000000f7300000, 0x0000000100000000)
  eden space 8192K, 0% used [0x00000000f6100000,0x00000000f6100000,0x00000000f6900000)
  from space 1024K, 96% used [0x00000000f6900000,0x00000000f69f8020,0x00000000f6a00000)
  to   space 1024K, 0% used [0x00000000f7200000,0x00000000f7200000,0x00000000f7300000)
 ParOldGen       total 20480K, used 1051K [0x00000000e2200000, 0x00000000e3600000, 0x00000000f6100000)
  object space 20480K, 5% used [0x00000000e2200000,0x00000000e2306e50,0x00000000e3600000)
 Metaspace       used 6341K, capacity 6466K, committed 6784K, reserved 1056768K
  class space    used 724K, capacity 793K, committed 896K, reserved 1048576K
}
Event: 4.766 GC heap before
{Heap before GC invocations=2 (full 0):
 PSYoungGen      total 9216K, used 9184K [0x00000000f6100000, 0x00000000f7300000, 0x0000000100000000)
  eden space 8192K, 100% used [0x00000000f6100000,0x00000000f6900000,0x00000000f6900000)
  from space 1024K, 96% used [0x00000000f6900000,0x00000000f69f8020,0x00000000f6a00000)
  to   space 1024K, 0% used [0x00000000f7200000,0x00000000f7200000,0x00000000f7300000)
 ParOldGen       total 20480K, used 1051K [0x00000000e2200000, 0x00000000e3600000, 0x00000000f6100000)
  object space 20480K, 5% used [0x00000000e2200000,0x00000000e2306e50,0x00000000e3600000)
 Metaspace       used 8346K, capacity 8514K, committed 8704K, reserved 1056768K
  class space    used 916K, capacity 985K, committed 1024K, reserved 1048576K
Event: 4.853 GC heap after
Heap after GC invocations=2 (full 0):
 PSYoungGen      total 17408K, used 1008K [0x00000000f6100000, 0x00000000f7300000, 0x0000000100000000)
  eden space 16384K, 0% used [0x00000000f6100000,0x00000000f6100000,0x00000000f7100000)
  from space 1024K, 98% used [0x00000000f7200000,0x00000000f72fc010,0x00000000f7300000)
  to   space 1024K, 0% used [0x00000000f7100000,0x00000000f7100000,0x00000000f7200000)
 ParOldGen       total 20480K, used 2980K [0x00000000e2200000, 0x00000000e3600000, 0x00000000f6100000)
  object space 20480K, 14% used [0x00000000e2200000,0x00000000e24e9360,0x00000000e3600000)
 Metaspace       used 8346K, capacity 8514K, committed 8704K, reserved 1056768K
  class space    used 916K, capacity 985K, committed 1024K, reserved 1048576K
}
Event: 6.444 GC heap before
{Heap before GC invocations=3 (full 0):
 PSYoungGen      total 17408K, used 17392K [0x00000000f6100000, 0x00000000f7300000, 0x0000000100000000)
  eden space 16384K, 100% used [0x00000000f6100000,0x00000000f7100000,0x00000000f7100000)
  from space 1024K, 98% used [0x00000000f7200000,0x00000000f72fc010,0x00000000f7300000)
  to   space 1024K, 0% used [0x00000000f7100000,0x00000000f7100000,0x00000000f7200000)
 ParOldGen       total 20480K, used 2980K [0x00000000e2200000, 0x00000000e3600000, 0x00000000f6100000)
  object space 20480K, 14% used [0x00000000e2200000,0x00000000e24e9360,0x00000000e3600000)
 Metaspace       used 12617K, capacity 12796K, committed 12928K, reserved 1060864K
  class space    used 1475K, capacity 1568K, committed 1664K, reserved 1048576K
Event: 6.470 GC heap after
Heap after GC invocations=3 (full 0):
 PSYoungGen      total 17408K, used 1008K [0x00000000f6100000, 0x00000000f8300000, 0x0000000100000000)
  eden space 16384K, 0% used [0x00000000f6100000,0x00000000f6100000,0x00000000f7100000)
  from space 1024K, 98% used [0x00000000f7100000,0x00000000f71fc010,0x00000000f7200000)
  to   space 1024K, 0% used [0x00000000f8200000,0x00000000f8200000,0x00000000f8300000)
 ParOldGen       total 20480K, used 6538K [0x00000000e2200000, 0x00000000e3600000, 0x00000000f6100000)
  object space 20480K, 31% used [0x00000000e2200000,0x00000000e2862950,0x00000000e3600000)
 Metaspace       used 12617K, capacity 12796K, committed 12928K, reserved 1060864K
  class space    used 1475K, capacity 1568K, committed 1664K, reserved 1048576K
}
Event: 8.823 GC heap before
{Heap before GC invocations=4 (full 0):
 PSYoungGen      total 17408K, used 17392K [0x00000000f6100000, 0x00000000f8300000, 0x0000000100000000)
  eden space 16384K, 100% used [0x00000000f6100000,0x00000000f7100000,0x00000000f7100000)
  from space 1024K, 98% used [0x00000000f7100000,0x00000000f71fc010,0x00000000f7200000)
  to   space 1024K, 0% used [0x00000000f8200000,0x00000000f8200000,0x00000000f8300000)
 ParOldGen       total 20480K, used 6538K [0x00000000e2200000, 0x00000000e3600000, 0x00000000f6100000)
  object space 20480K, 31% used [0x00000000e2200000,0x00000000e2862950,0x00000000e3600000)
 Metaspace       used 15784K, capacity 16162K, committed 16512K, reserved 1062912K
  class space    used 1927K, capacity 2061K, committed 2176K, reserved 1048576K
Event: 8.848 GC heap after
Heap after GC invocations=4 (full 0):
 PSYoungGen      total 33792K, used 1024K [0x00000000f6100000, 0x00000000f8300000, 0x0000000100000000)
  eden space 32768K, 0% used [0x00000000f6100000,0x00000000f6100000,0x00000000f8100000)
  from space 1024K, 100% used [0x00000000f8200000,0x00000000f8300000,0x00000000f8300000)
  to   space 1024K, 0% used [0x00000000f8100000,0x00000000f8100000,0x00000000f8200000)
 ParOldGen       total 20480K, used 9309K [0x00000000e2200000, 0x00000000e3600000, 0x00000000f6100000)
  object space 20480K, 45% used [0x00000000e2200000,0x00000000e2b177e8,0x00000000e3600000)
 Metaspace       used 15784K, capacity 16162K, committed 16512K, reserved 1062912K
  class space    used 1927K, capacity 2061K, committed 2176K, reserved 1048576K
}
Event: 9.303 GC heap before
{Heap before GC invocations=5 (full 0):
 PSYoungGen      total 33792K, used 33716K [0x00000000f6100000, 0x00000000f8300000, 0x0000000100000000)
  eden space 32768K, 99% used [0x00000000f6100000,0x00000000f80ed278,0x00000000f8100000)
  from space 1024K, 100% used [0x00000000f8200000,0x00000000f8300000,0x00000000f8300000)
  to   space 1024K, 0% used [0x00000000f8100000,0x00000000f8100000,0x00000000f8200000)
 ParOldGen       total 20480K, used 9309K [0x00000000e2200000, 0x00000000e3600000, 0x00000000f6100000)
  object space 20480K, 45% used [0x00000000e2200000,0x00000000e2b177e8,0x00000000e3600000)
 Metaspace       used 16366K, capacity 16770K, committed 17024K, reserved 1064960K
  class space    used 1984K, capacity 2093K, committed 2176K, reserved 1048576K

Deoptimization events (8 events):
Event: 3.290 Thread 0x00007ff52000a800 Uncommon trap: reason=unstable_if action=reinterpret pc=0x00007ff51076b630 method=java.lang.String.replace(CC)Ljava/lang/String; @ 26
Event: 5.175 Thread 0x00007ff52000a800 Uncommon trap: reason=unstable_if action=reinterpret pc=0x00007ff5107c8dfc method=java.util.zip.ZipCoder.encoder()Ljava/nio/charset/CharsetEncoder; @ 4
Event: 5.945 Thread 0x00007ff52000a800 Uncommon trap: reason=unstable_if action=reinterpret pc=0x00007ff510813ce4 method=java.util.zip.InflaterInputStream.read([BII)I @ 69
Event: 7.370 Thread 0x00007ff52000a800 Uncommon trap: reason=class_check action=maybe_recompile pc=0x00007ff51083c0a8 method=java.util.HashMap.getNode(ILjava/lang/Object;)Ljava/util/HashMap$Node; @ 126
Event: 7.371 Thread 0x00007ff52000a800 Uncommon trap: reason=unstable_if action=reinterpret pc=0x00007ff51083c08c method=java.util.HashMap.getNode(ILjava/lang/Object;)Ljava/util/HashMap$Node; @ 62
Event: 7.371 Thread 0x00007ff52000a800 Uncommon trap: reason=class_check action=maybe_recompile pc=0x00007ff510838274 method=java.util.HashMap.getNode(ILjava/lang/Object;)Ljava/util/HashMap$Node; @ 126
Event: 7.371 Thread 0x00007ff52000a800 Uncommon trap: reason=unstable_if action=reinterpret pc=0x00007ff510838254 method=java.util.HashMap.getNode(ILjava/lang/Object;)Ljava/util/HashMap$Node; @ 62
Event: 8.903 Thread 0x00007ff52000a800 Uncommon trap: reason=unstable_if action=reinterpret pc=0x00007ff5108b3a1c method=java.io.BufferedReader.readLine(Z)Ljava/lang/String; @ 137

Classes redefined (0 events):
No events

Internal exceptions (10 events):
Event: 6.750 Thread 0x00007ff52000a800 Exception <a 'java/lang/ArrayIndexOutOfBoundsException'> (0x00000000f63d94e0) thrown at [/build/openjdk-8-uwNjBd/openjdk-8-8u252-b09/src/hotspot/src/share/vm/runtime/sharedRuntime.cpp, line 605]
Event: 6.750 Thread 0x00007ff52000a800 Exception <a 'java/lang/ArrayIndexOutOfBoundsException'> (0x00000000f63dac40) thrown at [/build/openjdk-8-uwNjBd/openjdk-8-8u252-b09/src/hotspot/src/share/vm/runtime/sharedRuntime.cpp, line 605]
Event: 7.435 Thread 0x00007ff52000a800 Exception <a 'java/lang/ArrayIndexOutOfBoundsException'> (0x00000000f6725478) thrown at [/build/openjdk-8-uwNjBd/openjdk-8-8u252-b09/src/hotspot/src/share/vm/runtime/sharedRuntime.cpp, line 605]
Event: 7.440 Thread 0x00007ff52000a800 Exception <a 'java/lang/ArrayIndexOutOfBoundsException'> (0x00000000f6738280) thrown at [/build/openjdk-8-uwNjBd/openjdk-8-8u252-b09/src/hotspot/src/share/vm/runtime/sharedRuntime.cpp, line 605]
Event: 7.466 Thread 0x00007ff52000a800 Exception <a 'java/lang/ArrayIndexOutOfBoundsException'> (0x00000000f675faa8) thrown at [/build/openjdk-8-uwNjBd/openjdk-8-8u252-b09/src/hotspot/src/share/vm/runtime/sharedRuntime.cpp, line 605]
Event: 7.466 Thread 0x00007ff52000a800 Exception <a 'java/lang/ArrayIndexOutOfBoundsException'> (0x00000000f6760c98) thrown at [/build/openjdk-8-uwNjBd/openjdk-8-8u252-b09/src/hotspot/src/share/vm/runtime/sharedRuntime.cpp, line 605]
Event: 7.467 Thread 0x00007ff52000a800 Exception <a 'java/lang/ArrayIndexOutOfBoundsException'> (0x00000000f6762300) thrown at [/build/openjdk-8-uwNjBd/openjdk-8-8u252-b09/src/hotspot/src/share/vm/runtime/sharedRuntime.cpp, line 605]
Event: 7.502 Thread 0x00007ff52000a800 Exception <a 'java/lang/ArrayIndexOutOfBoundsException'> (0x00000000f67881e0) thrown at [/build/openjdk-8-uwNjBd/openjdk-8-8u252-b09/src/hotspot/src/share/vm/runtime/sharedRuntime.cpp, line 605]
Event: 7.535 Thread 0x00007ff52000a800 Exception <a 'java/lang/ArrayIndexOutOfBoundsException'> (0x00000000f679b170) thrown at [/build/openjdk-8-uwNjBd/openjdk-8-8u252-b09/src/hotspot/src/share/vm/runtime/sharedRuntime.cpp, line 605]
Event: 7.739 Thread 0x00007ff52000a800 Exception <a 'java/lang/NoSuchMethodError': java.lang.Object.lambda$static$0(Ljava/lang/String;Lcom/codahale/metrics/Metric;)Z> (0x00000000f6879a80) thrown at [/build/openjdk-8-uwNjBd/openjdk-8-8u252-b09/src/hotspot/src/share/vm/interpreter/linkResolver.c

Events (10 events):
Event: 8.952 loading class sun/nio/ch/FileKey done
Event: 8.952 loading class sun/nio/ch/SharedFileLockTable$FileLockReference
Event: 8.952 loading class sun/nio/ch/SharedFileLockTable$FileLockReference done
Event: 8.953 loading class sun/misc/FDBigInteger
Event: 8.954 loading class sun/misc/FDBigInteger done
Event: 8.998 Thread 0x00007ff52000a800 DEOPT PACKING pc=0x00007ff5108d29df sp=0x00007ff526e00470
Event: 8.998 Thread 0x00007ff52000a800 DEOPT UNPACKING pc=0x00007ff5105fe4c4 sp=0x00007ff526e002e8 mode 0
Event: 9.089 Thread 0x00007ff52000a800 DEOPT PACKING pc=0x00007ff5108d85c3 sp=0x00007ff526e004b0
Event: 9.089 Thread 0x00007ff52000a800 DEOPT UNPACKING pc=0x00007ff5105fe4c4 sp=0x00007ff526e002d8 mode 0
Event: 9.144 Executing VM operation: ParallelGCFailedAllocation


Dynamic libraries:
e2200000-e4800000 rw-p 00000000 00:00 0 
e4800000-f6100000 ---p 00000000 00:00 0 
f6100000-f8300000 rw-p 00000000 00:00 0 
fcd00000-100000000 ---p 00000000 00:00 0 
100000000-100220000 rw-p 00000000 00:00 0 
100220000-140000000 ---p 00000000 00:00 0 
5581e4265000-5581e4266000 r-xp 00000000 08:01 928809                     /usr/lib/jvm/java-8-openjdk-amd64/jre/bin/java
5581e4465000-5581e4466000 r--p 00000000 08:01 928809                     /usr/lib/jvm/java-8-openjdk-amd64/jre/bin/java
5581e4466000-5581e4467000 rw-p 00001000 08:01 928809                     /usr/lib/jvm/java-8-openjdk-amd64/jre/bin/java
5581e4a43000-5581e4a64000 rw-p 00000000 00:00 0                          [heap]
7ff4d8000000-7ff4d8021000 rw-p 00000000 00:00 0 
7ff4d8021000-7ff4dc000000 ---p 00000000 00:00 0 
7ff4e0000000-7ff4e0021000 rw-p 00000000 00:00 0 
7ff4e0021000-7ff4e4000000 ---p 00000000 00:00 0 
7ff4e4000000-7ff4e4021000 rw-p 00000000 00:00 0 
7ff4e4021000-7ff4e8000000 ---p 00000000 00:00 0 
7ff4e8000000-7ff4e82d7000 rw-p 00000000 00:00 0 
7ff4e82d7000-7ff4ec000000 ---p 00000000 00:00 0 
7ff4ec000000-7ff4ec2d4000 rw-p 00000000 00:00 0 
7ff4ec2d4000-7ff4f0000000 ---p 00000000 00:00 0 
7ff4f0000000-7ff4f0021000 rw-p 00000000 00:00 0 
7ff4f0021000-7ff4f4000000 ---p 00000000 00:00 0 
7ff4f79f6000-7ff4f7a76000 rw-p 00000000 00:00 0 
7ff4f7a76000-7ff4f7bf6000 ---p 00000000 00:00 0 
7ff4f7bf6000-7ff4f7df6000 rw-p 00000000 00:00 0 
7ff4f7df6000-7ff4f7dff000 r-xp 00000000 08:01 928754                     /usr/lib/jvm/java-8-openjdk-amd64/jre/lib/amd64/libmanagement.so
7ff4f7dff000-7ff4f7ffe000 ---p 00009000 08:01 928754                     /usr/lib/jvm/java-8-openjdk-amd64/jre/lib/amd64/libmanagement.so
7ff4f7ffe000-7ff4f7fff000 r--p 00008000 08:01 928754                     /usr/lib/jvm/java-8-openjdk-amd64/jre/lib/amd64/libmanagement.so
7ff4f7fff000-7ff4f8000000 rw-p 00009000 08:01 928754                     /usr/lib/jvm/java-8-openjdk-amd64/jre/lib/amd64/libmanagement.so
7ff4f8000000-7ff4f8021000 rw-p 00000000 00:00 0 
7ff4f8021000-7ff4fc000000 ---p 00000000 00:00 0 
7ff4fc000000-7ff4fc021000 rw-p 00000000 00:00 0 
7ff4fc021000-7ff500000000 ---p 00000000 00:00 0 
7ff500000000-7ff500021000 rw-p 00000000 00:00 0 
7ff500021000-7ff504000000 ---p 00000000 00:00 0 
7ff504000000-7ff504021000 rw-p 00000000 00:00 0 
7ff504021000-7ff508000000 ---p 00000000 00:00 0 
7ff508000000-7ff508021000 rw-p 00000000 00:00 0 
7ff508021000-7ff50c000000 ---p 00000000 00:00 0 
7ff50c0a0000-7ff50c0a3000 ---p 00000000 00:00 0 
7ff50c0a3000-7ff50c2d9000 rw-p 00000000 00:00 0 
7ff50c2d9000-7ff50c4d9000 rw-p 00000000 00:00 0 
7ff50c4d9000-7ff50c4f0000 r-xp 00000000 08:01 928756                     /usr/lib/jvm/java-8-openjdk-amd64/jre/lib/amd64/libnet.so
7ff50c4f0000-7ff50c6f0000 ---p 00017000 08:01 928756                     /usr/lib/jvm/java-8-openjdk-amd64/jre/lib/amd64/libnet.so
7ff50c6f0000-7ff50c6f1000 r--p 00017000 08:01 928756                     /usr/lib/jvm/java-8-openjdk-amd64/jre/lib/amd64/libnet.so
7ff50c6f1000-7ff50c6f2000 rw-p 00018000 08:01 928756                     /usr/lib/jvm/java-8-openjdk-amd64/jre/lib/amd64/libnet.so
7ff50c6f2000-7ff50c704000 r-xp 00000000 08:01 928752                     /usr/lib/jvm/java-8-openjdk-amd64/jre/lib/amd64/libnio.so
7ff50c704000-7ff50c903000 ---p 00012000 08:01 928752                     /usr/lib/jvm/java-8-openjdk-amd64/jre/lib/amd64/libnio.so
7ff50c903000-7ff50c904000 r--p 00011000 08:01 928752                     /usr/lib/jvm/java-8-openjdk-amd64/jre/lib/amd64/libnio.so
7ff50c904000-7ff50c905000 rw-p 00012000 08:01 928752                     /usr/lib/jvm/java-8-openjdk-amd64/jre/lib/amd64/libnio.so
7ff50c905000-7ff50cab8000 r--s 01686000 08:01 546714                     /home/ubuntu/Desktop/map-matching/matching-web/target/graphhopper-map-matching-web-1.0-SNAPSHOT.jar
7ff50cab8000-7ff50cab9000 ---p 00000000 00:00 0 
7ff50cab9000-7ff50cbb9000 rw-p 00000000 00:00 0 
7ff50cbb9000-7ff50cbbc000 ---p 00000000 00:00 0 
7ff50cbbc000-7ff50ccba000 rw-p 00000000 00:00 0 
7ff50ccba000-7ff50ccbd000 ---p 00000000 00:00 0 
7ff50ccbd000-7ff50cdbb000 rw-p 00000000 00:00 0 
7ff50cdbb000-7ff50cdbe000 ---p 00000000 00:00 0 
7ff50cdbe000-7ff50cebc000 rw-p 00000000 00:00 0 
7ff50cebc000-7ff50cebf000 ---p 00000000 00:00 0 
7ff50cebf000-7ff50cfbd000 rw-p 00000000 00:00 0 
7ff50cfbd000-7ff50d9c2000 r--p 00000000 08:01 661771                     /usr/lib/locale/locale-archive
7ff50d9c2000-7ff50d9c5000 ---p 00000000 00:00 0 
7ff50d9c5000-7ff50dac3000 rw-p 00000000 00:00 0 
7ff50dac3000-7ff50dac6000 ---p 00000000 00:00 0 
7ff50dac6000-7ff50dbc4000 rw-p 00000000 00:00 0 
7ff50dbc4000-7ff50dbc5000 ---p 00000000 00:00 0 
7ff50dbc5000-7ff50e5ce000 rw-p 00000000 00:00 0 
7ff50e5ce000-7ff50e7a0000 r--s 03ca5000 08:01 928775                     /usr/lib/jvm/java-8-openjdk-amd64/jre/lib/rt.jar
7ff50e7a0000-7ff50fff5000 rw-p 00000000 00:00 0 
7ff50fff5000-7ff50fff6000 ---p 00000000 00:00 0 
7ff50fff6000-7ff5100f6000 rw-p 00000000 00:00 0 
7ff5100f6000-7ff5100f7000 ---p 00000000 00:00 0 
7ff5100f7000-7ff510204000 rw-p 00000000 00:00 0 
7ff510204000-7ff5105b7000 ---p 00000000 00:00 0 
7ff5105b7000-7ff5108f7000 rwxp 00000000 00:00 0 
7ff5108f7000-7ff51f5b7000 ---p 00000000 00:00 0 
7ff51f5b7000-7ff51f5bf000 r-xp 00000000 08:01 928745                     /usr/lib/jvm/java-8-openjdk-amd64/jre/lib/amd64/libzip.so
7ff51f5bf000-7ff51f7be000 ---p 00008000 08:01 928745                     /usr/lib/jvm/java-8-openjdk-amd64/jre/lib/amd64/libzip.so
7ff51f7be000-7ff51f7bf000 r--p 00007000 08:01 928745                     /usr/lib/jvm/java-8-openjdk-amd64/jre/lib/amd64/libzip.so
7ff51f7bf000-7ff51f7c0000 rw-p 00008000 08:01 928745                     /usr/lib/jvm/java-8-openjdk-amd64/jre/lib/amd64/libzip.so
7ff51f7c0000-7ff51f7cb000 r-xp 00000000 08:01 789509                     /lib/x86_64-linux-gnu/libnss_files-2.23.so
7ff51f7cb000-7ff51f9ca000 ---p 0000b000 08:01 789509                     /lib/x86_64-linux-gnu/libnss_files-2.23.so
7ff51f9ca000-7ff51f9cb000 r--p 0000a000 08:01 789509                     /lib/x86_64-linux-gnu/libnss_files-2.23.so
7ff51f9cb000-7ff51f9cc000 rw-p 0000b000 08:01 789509                     /lib/x86_64-linux-gnu/libnss_files-2.23.so
7ff51f9cc000-7ff51f9d2000 rw-p 00000000 00:00 0 
7ff51f9d2000-7ff51f9dd000 r-xp 00000000 08:01 789519                     /lib/x86_64-linux-gnu/libnss_nis-2.23.so
7ff51f9dd000-7ff51fbdc000 ---p 0000b000 08:01 789519                     /lib/x86_64-linux-gnu/libnss_nis-2.23.so
7ff51fbdc000-7ff51fbdd000 r--p 0000a000 08:01 789519                     /lib/x86_64-linux-gnu/libnss_nis-2.23.so
7ff51fbdd000-7ff51fbde000 rw-p 0000b000 08:01 789519                     /lib/x86_64-linux-gnu/libnss_nis-2.23.so
7ff51fbde000-7ff51fbf4000 r-xp 00000000 08:01 789503                     /lib/x86_64-linux-gnu/libnsl-2.23.so
7ff51fbf4000-7ff51fdf3000 ---p 00016000 08:01 789503                     /lib/x86_64-linux-gnu/libnsl-2.23.so
7ff51fdf3000-7ff51fdf4000 r--p 00015000 08:01 789503                     /lib/x86_64-linux-gnu/libnsl-2.23.so
7ff51fdf4000-7ff51fdf5000 rw-p 00016000 08:01 789503                     /lib/x86_64-linux-gnu/libnsl-2.23.so
7ff51fdf5000-7ff51fdf7000 rw-p 00000000 00:00 0 
7ff51fdf7000-7ff51fdff000 r-xp 00000000 08:01 789505                     /lib/x86_64-linux-gnu/libnss_compat-2.23.so
7ff51fdff000-7ff51fffe000 ---p 00008000 08:01 789505                     /lib/x86_64-linux-gnu/libnss_compat-2.23.so
7ff51fffe000-7ff51ffff000 r--p 00007000 08:01 789505                     /lib/x86_64-linux-gnu/libnss_compat-2.23.so
7ff51ffff000-7ff520000000 rw-p 00008000 08:01 789505                     /lib/x86_64-linux-gnu/libnss_compat-2.23.so
7ff520000000-7ff52077e000 rw-p 00000000 00:00 0 
7ff52077e000-7ff524000000 ---p 00000000 00:00 0 
7ff524000000-7ff524006000 r--s 0003d000 08:01 928791                     /usr/lib/jvm/java-8-openjdk-amd64/jre/lib/ext/sunjce_provider.jar
7ff524006000-7ff524010000 r--s 00116000 08:01 928795                     /usr/lib/jvm/java-8-openjdk-amd64/jre/lib/ext/localedata.jar
7ff524010000-7ff5240cc000 rw-p 00000000 00:00 0 
7ff5240cc000-7ff524158000 ---p 00000000 00:00 0 
7ff524158000-7ff52416a000 rw-p 00000000 00:00 0 
7ff52416a000-7ff5241a8000 ---p 00000000 00:00 0 
7ff5241a8000-7ff5241a9000 rw-p 00000000 00:00 0 
7ff5241a9000-7ff5241d2000 r-xp 00000000 08:01 928737                     /usr/lib/jvm/java-8-openjdk-amd64/jre/lib/amd64/libjava.so
7ff5241d2000-7ff5243d2000 ---p 00029000 08:01 928737                     /usr/lib/jvm/java-8-openjdk-amd64/jre/lib/amd64/libjava.so
7ff5243d2000-7ff5243d3000 r--p 00029000 08:01 928737                     /usr/lib/jvm/java-8-openjdk-amd64/jre/lib/amd64/libjava.so
7ff5243d3000-7ff5243d5000 rw-p 0002a000 08:01 928737                     /usr/lib/jvm/java-8-openjdk-amd64/jre/lib/amd64/libjava.so
7ff5243d5000-7ff5243e4000 r-xp 00000000 08:01 928759                     /usr/lib/jvm/java-8-openjdk-amd64/jre/lib/amd64/libverify.so
7ff5243e4000-7ff5245e3000 ---p 0000f000 08:01 928759                     /usr/lib/jvm/java-8-openjdk-amd64/jre/lib/amd64/libverify.so
7ff5245e3000-7ff5245e5000 r--p 0000e000 08:01 928759                     /usr/lib/jvm/java-8-openjdk-amd64/jre/lib/amd64/libverify.so
7ff5245e5000-7ff5245e6000 rw-p 00010000 08:01 928759                     /usr/lib/jvm/java-8-openjdk-amd64/jre/lib/amd64/libverify.so
7ff5245e6000-7ff5245ed000 r-xp 00000000 08:01 789564                     /lib/x86_64-linux-gnu/librt-2.23.so
7ff5245ed000-7ff5247ec000 ---p 00007000 08:01 789564                     /lib/x86_64-linux-gnu/librt-2.23.so
7ff5247ec000-7ff5247ed000 r--p 00006000 08:01 789564                     /lib/x86_64-linux-gnu/librt-2.23.so
7ff5247ed000-7ff5247ee000 rw-p 00007000 08:01 789564                     /lib/x86_64-linux-gnu/librt-2.23.so
7ff5247ee000-7ff524804000 r-xp 00000000 08:01 789448                     /lib/x86_64-linux-gnu/libgcc_s.so.1
7ff524804000-7ff524a03000 ---p 00016000 08:01 789448                     /lib/x86_64-linux-gnu/libgcc_s.so.1
7ff524a03000-7ff524a04000 rw-p 00015000 08:01 789448                     /lib/x86_64-linux-gnu/libgcc_s.so.1
7ff524a04000-7ff524b0c000 r-xp 00000000 08:01 789480                     /lib/x86_64-linux-gnu/libm-2.23.so
7ff524b0c000-7ff524d0b000 ---p 00108000 08:01 789480                     /lib/x86_64-linux-gnu/libm-2.23.so
7ff524d0b000-7ff524d0c000 r--p 00107000 08:01 789480                     /lib/x86_64-linux-gnu/libm-2.23.so
7ff524d0c000-7ff524d0d000 rw-p 00108000 08:01 789480                     /lib/x86_64-linux-gnu/libm-2.23.so
7ff524d0d000-7ff524e7f000 r-xp 00000000 08:01 664988                     /usr/lib/x86_64-linux-gnu/libstdc++.so.6.0.21
7ff524e7f000-7ff52507f000 ---p 00172000 08:01 664988                     /usr/lib/x86_64-linux-gnu/libstdc++.so.6.0.21
7ff52507f000-7ff525089000 r--p 00172000 08:01 664988                     /usr/lib/x86_64-linux-gnu/libstdc++.so.6.0.21
7ff525089000-7ff52508b000 rw-p 0017c000 08:01 664988                     /usr/lib/x86_64-linux-gnu/libstdc++.so.6.0.21
7ff52508b000-7ff52508f000 rw-p 00000000 00:00 0 
7ff52508f000-7ff525cf7000 r-xp 00000000 08:01 928739                     /usr/lib/jvm/java-8-openjdk-amd64/jre/lib/amd64/server/libjvm.so
7ff525cf7000-7ff525ef7000 ---p 00c68000 08:01 928739                     /usr/lib/jvm/java-8-openjdk-amd64/jre/lib/amd64/server/libjvm.so
7ff525ef7000-7ff525f8b000 r--p 00c68000 08:01 928739                     /usr/lib/jvm/java-8-openjdk-amd64/jre/lib/amd64/server/libjvm.so
7ff525f8b000-7ff525fb4000 rw-p 00cfc000 08:01 928739                     /usr/lib/jvm/java-8-openjdk-amd64/jre/lib/amd64/server/libjvm.so
7ff525fb4000-7ff525fe4000 rw-p 00000000 00:00 0 
7ff525fe4000-7ff525ffc000 r-xp 00000000 08:01 789556                     /lib/x86_64-linux-gnu/libpthread-2.23.so
7ff525ffc000-7ff5261fb000 ---p 00018000 08:01 789556                     /lib/x86_64-linux-gnu/libpthread-2.23.so
7ff5261fb000-7ff5261fc000 r--p 00017000 08:01 789556                     /lib/x86_64-linux-gnu/libpthread-2.23.so
7ff5261fc000-7ff5261fd000 rw-p 00018000 08:01 789556                     /lib/x86_64-linux-gnu/libpthread-2.23.so
7ff5261fd000-7ff526201000 rw-p 00000000 00:00 0 
7ff526201000-7ff526204000 r-xp 00000000 08:01 789434                     /lib/x86_64-linux-gnu/libdl-2.23.so
7ff526204000-7ff526403000 ---p 00003000 08:01 789434                     /lib/x86_64-linux-gnu/libdl-2.23.so
7ff526403000-7ff526404000 r--p 00002000 08:01 789434                     /lib/x86_64-linux-gnu/libdl-2.23.so
7ff526404000-7ff526405000 rw-p 00003000 08:01 789434                     /lib/x86_64-linux-gnu/libdl-2.23.so
7ff526405000-7ff52641e000 r-xp 00000000 08:01 789601                     /lib/x86_64-linux-gnu/libz.so.1.2.8
7ff52641e000-7ff52661d000 ---p 00019000 08:01 789601                     /lib/x86_64-linux-gnu/libz.so.1.2.8
7ff52661d000-7ff52661e000 r--p 00018000 08:01 789601                     /lib/x86_64-linux-gnu/libz.so.1.2.8
7ff52661e000-7ff52661f000 rw-p 00019000 08:01 789601                     /lib/x86_64-linux-gnu/libz.so.1.2.8
7ff52661f000-7ff5267df000 r-xp 00000000 08:01 789410                     /lib/x86_64-linux-gnu/libc-2.23.so
7ff5267df000-7ff5269df000 ---p 001c0000 08:01 789410                     /lib/x86_64-linux-gnu/libc-2.23.so
7ff5269df000-7ff5269e3000 r--p 001c0000 08:01 789410                     /lib/x86_64-linux-gnu/libc-2.23.so
7ff5269e3000-7ff5269e5000 rw-p 001c4000 08:01 789410                     /lib/x86_64-linux-gnu/libc-2.23.so
7ff5269e5000-7ff5269e9000 rw-p 00000000 00:00 0 
7ff5269e9000-7ff5269f6000 r-xp 00000000 08:01 928736                     /usr/lib/jvm/java-8-openjdk-amd64/jre/lib/amd64/jli/libjli.so
7ff5269f6000-7ff526bf6000 ---p 0000d000 08:01 928736                     /usr/lib/jvm/java-8-openjdk-amd64/jre/lib/amd64/jli/libjli.so
7ff526bf6000-7ff526bf7000 r--p 0000d000 08:01 928736                     /usr/lib/jvm/java-8-openjdk-amd64/jre/lib/amd64/jli/libjli.so
7ff526bf7000-7ff526bf8000 rw-p 0000e000 08:01 928736                     /usr/lib/jvm/java-8-openjdk-amd64/jre/lib/amd64/jli/libjli.so
7ff526bf8000-7ff526c1e000 r-xp 00000000 08:01 789382                     /lib/x86_64-linux-gnu/ld-2.23.so
7ff526c21000-7ff526c3c000 r--s 00394000 08:01 928797                     /usr/lib/jvm/java-8-openjdk-amd64/jre/lib/ext/cldrdata.jar
7ff526c3c000-7ff526c40000 r--s 0003a000 08:01 928800                     /usr/lib/jvm/java-8-openjdk-amd64/jre/lib/ext/sunpkcs11.jar
7ff526c40000-7ff526c42000 r--s 00001000 08:01 928794                     /usr/lib/jvm/java-8-openjdk-amd64/jre/lib/ext/dnsns.jar
7ff526c42000-7ff526c43000 r--s 00010000 08:01 928799                     /usr/lib/jvm/java-8-openjdk-amd64/jre/lib/ext/zipfs.jar
7ff526c43000-7ff526c46000 r--s 0000f000 08:01 928798                     /usr/lib/jvm/java-8-openjdk-amd64/jre/lib/ext/icedtea-sound.jar
7ff526c46000-7ff526c61000 r--s 001d6000 08:01 928792                     /usr/lib/jvm/java-8-openjdk-amd64/jre/lib/ext/nashorn.jar
7ff526c61000-7ff526c74000 rw-p 00000000 00:00 0 
7ff526c74000-7ff526d01000 ---p 00000000 00:00 0 
7ff526d01000-7ff526d04000 ---p 00000000 00:00 0 
7ff526d04000-7ff526e06000 rw-p 00000000 00:00 0 
7ff526e06000-7ff526e07000 r--s 0000d000 08:01 928793                     /usr/lib/jvm/java-8-openjdk-amd64/jre/lib/ext/sunec.jar
7ff526e07000-7ff526e08000 r--s 0000a000 08:01 928796                     /usr/lib/jvm/java-8-openjdk-amd64/jre/lib/ext/jaccess.jar
7ff526e08000-7ff526e12000 rw-p 00000000 00:00 0 
7ff526e12000-7ff526e1a000 rw-s 00000000 08:01 447809                     /tmp/hsperfdata_ubuntu/7754
7ff526e1a000-7ff526e1b000 rw-p 00000000 00:00 0 
7ff526e1b000-7ff526e1c000 ---p 00000000 00:00 0 
7ff526e1c000-7ff526e1d000 rw-p 00000000 00:00 0 
7ff526e1d000-7ff526e1e000 r--p 00025000 08:01 789382                     /lib/x86_64-linux-gnu/ld-2.23.so
7ff526e1e000-7ff526e1f000 rw-p 00026000 08:01 789382                     /lib/x86_64-linux-gnu/ld-2.23.so
7ff526e1f000-7ff526e20000 rw-p 00000000 00:00 0 
7fffa4b34000-7fffa4b55000 rw-p 00000000 00:00 0                          [stack]
7fffa4b90000-7fffa4b93000 r--p 00000000 00:00 0                          [vvar]
7fffa4b93000-7fffa4b95000 r-xp 00000000 00:00 0                          [vdso]
ffffffffff600000-ffffffffff601000 r-xp 00000000 00:00 0                  [vsyscall]

VM Arguments:
java_command: ./matching-web/target/graphhopper-map-matching-web-1.0-SNAPSHOT.jar match ./GPXdata/temp.gpx
java_class_path (initial): ./matching-web/target/graphhopper-map-matching-web-1.0-SNAPSHOT.jar
Launcher Type: SUN_STANDARD

Environment Variables:
PATH=/home/ubuntu/bin:/home/ubuntu/.local/bin:/usr/local/sbin:/usr/local/bin:/usr/sbin:/usr/bin:/sbin:/bin:/usr/games:/usr/local/games:/snap/bin
SHELL=/bin/bash
DISPLAY=:0

Signal Handlers:
SIGSEGV: [libjvm.so+0xa7bb00], sa_mask[0]=11111111011111111101111111111110, sa_flags=SA_RESTART|SA_SIGINFO
SIGBUS: [libjvm.so+0xa7bb00], sa_mask[0]=11111111011111111101111111111110, sa_flags=SA_RESTART|SA_SIGINFO
SIGFPE: [libjvm.so+0x8c3d50], sa_mask[0]=11111111011111111101111111111110, sa_flags=SA_RESTART|SA_SIGINFO
SIGPIPE: [libjvm.so+0x8c3d50], sa_mask[0]=11111111011111111101111111111110, sa_flags=SA_RESTART|SA_SIGINFO
SIGXFSZ: [libjvm.so+0x8c3d50], sa_mask[0]=11111111011111111101111111111110, sa_flags=SA_RESTART|SA_SIGINFO
SIGILL: [libjvm.so+0x8c3d50], sa_mask[0]=11111111011111111101111111111110, sa_flags=SA_RESTART|SA_SIGINFO
SIGUSR1: SIG_DFL, sa_mask[0]=00000000000000000000000000000000, sa_flags=none
SIGUSR2: [libjvm.so+0x8c3c00], sa_mask[0]=00000000000000000000000000000000, sa_flags=SA_RESTART|SA_SIGINFO
SIGHUP: [libjvm.so+0x8c4290], sa_mask[0]=11111111011111111101111111111110, sa_flags=SA_RESTART|SA_SIGINFO
SIGINT: [libjvm.so+0x8c4290], sa_mask[0]=11111111011111111101111111111110, sa_flags=SA_RESTART|SA_SIGINFO
SIGTERM: [libjvm.so+0x8c4290], sa_mask[0]=11111111011111111101111111111110, sa_flags=SA_RESTART|SA_SIGINFO
SIGQUIT: [libjvm.so+0x8c4290], sa_mask[0]=11111111011111111101111111111110, sa_flags=SA_RESTART|SA_SIGINFO


---------------  S Y S T E M  ---------------

OS:DISTRIB_ID=Ubuntu
DISTRIB_RELEASE=16.04
DISTRIB_CODENAME=xenial
DISTRIB_DESCRIPTION="Ubuntu 16.04.6 LTS"

uname:Linux 4.15.0-45-generic #48~16.04.1-Ubuntu SMP Tue Jan 29 18:03:48 UTC 2019 x86_64
libc:glibc 2.23 NPTL 2.23 
rlimit: STACK 8192k, CORE 0k, NPROC 7389, NOFILE 1048576, AS infinity
load average:4.70 3.16 2.57

/proc/meminfo:
MemTotal:        1951356 kB
MemFree:           52700 kB
MemAvailable:       3136 kB
Buffers:            1212 kB
Cached:            76764 kB
SwapCached:          128 kB
Active:           929208 kB
Inactive:         315636 kB
Active(anon):     921256 kB
Inactive(anon):   307152 kB
Active(file):       7952 kB
Inactive(file):     8484 kB
Unevictable:          64 kB
Mlocked:              64 kB
SwapTotal:        998396 kB
SwapFree:              0 kB
Dirty:                 4 kB
Writeback:           112 kB
AnonPages:       1166896 kB
Mapped:            57352 kB
Shmem:             61448 kB
Slab:              97968 kB
SReclaimable:      34224 kB
SUnreclaim:        63744 kB
KernelStack:       14912 kB
PageTables:        55392 kB
NFS_Unstable:          0 kB
Bounce:                0 kB
WritebackTmp:          0 kB
CommitLimit:     1974072 kB
Committed_AS:    7671224 kB
VmallocTotal:   34359738367 kB
VmallocUsed:           0 kB
VmallocChunk:          0 kB
HardwareCorrupted:     0 kB
AnonHugePages:         0 kB
ShmemHugePages:        0 kB
ShmemPmdMapped:        0 kB
CmaTotal:              0 kB
CmaFree:               0 kB
HugePages_Total:       0
HugePages_Free:        0
HugePages_Rsvd:        0
HugePages_Surp:        0
Hugepagesize:       2048 kB
DirectMap4k:      182144 kB
DirectMap2M:     1914880 kB
DirectMap1G:           0 kB

container (cgroup) information:
container_type: cgroupv1
cpu_cpuset_cpus: 0-1
cpu_memory_nodes: 0
active_processor_count: 2
cpu_quota: -1
cpu_period: 100000
cpu_shares: -1
memory_limit_in_bytes: -1
memory_and_swap_limit_in_bytes: -2
memory_soft_limit_in_bytes: -1
memory_usage_in_bytes: 1273290752
memory_max_usage_in_bytes: 598056960


CPU:total 2 (initial active 2) (1 cores per cpu, 1 threads per core) family 6 model 78 stepping 3, cmov, cx8, fxsr, mmx, sse, sse2, sse3, ssse3, sse4.1, sse4.2, popcnt, avx, avx2, aes, clmul, erms, 3dnowpref, lzcnt, tsc, tscinvbit, bmi1, bmi2, adx

/proc/cpuinfo:
processor	: 0
vendor_id	: GenuineIntel
cpu family	: 6
model		: 78
model name	: Intel(R) Core(TM) i5-6200U CPU @ 2.30GHz
stepping	: 3
microcode	: 0xc6
cpu MHz		: 2400.080
cache size	: 3072 KB
physical id	: 0
siblings	: 1
core id		: 0
cpu cores	: 1
apicid		: 0
initial apicid	: 0
fpu		: yes
fpu_exception	: yes
cpuid level	: 22
wp		: yes
flags		: fpu vme de pse tsc msr pae mce cx8 apic sep mtrr pge mca cmov pat pse36 clflush mmx fxsr sse sse2 ss syscall nx pdpe1gb rdtscp lm constant_tsc arch_perfmon nopl xtopology tsc_reliable nonstop_tsc cpuid pni pclmulqdq ssse3 fma cx16 pcid sse4_1 sse4_2 x2apic movbe popcnt tsc_deadline_timer aes xsave avx f16c rdrand hypervisor lahf_lm abm 3dnowprefetch cpuid_fault invpcid_single pti ssbd ibrs ibpb stibp fsgsbase tsc_adjust bmi1 avx2 smep bmi2 invpcid rdseed adx smap clflushopt xsaveopt xsavec xsaves arat flush_l1d arch_capabilities
bugs		: cpu_meltdown spectre_v1 spectre_v2 spec_store_bypass l1tf
bogomips	: 4800.16
clflush size	: 64
cache_alignment	: 64
address sizes	: 43 bits physical, 48 bits virtual
power management:

processor	: 1
vendor_id	: GenuineIntel
cpu family	: 6
model		: 78
model name	: Intel(R) Core(TM) i5-6200U CPU @ 2.30GHz
stepping	: 3
microcode	: 0xc6
cpu MHz		: 2400.080
cache size	: 3072 KB
physical id	: 2
siblings	: 1
core id		: 0
cpu cores	: 1
apicid		: 2
initial apicid	: 2
fpu		: yes
fpu_exception	: yes
cpuid level	: 22
wp		: yes
flags		: fpu vme de pse tsc msr pae mce cx8 apic sep mtrr pge mca cmov pat pse36 clflush mmx fxsr sse sse2 ss syscall nx pdpe1gb rdtscp lm constant_tsc arch_perfmon nopl xtopology tsc_reliable nonstop_tsc cpuid pni pclmulqdq ssse3 fma cx16 pcid sse4_1 sse4_2 x2apic movbe popcnt tsc_deadline_timer aes xsave avx f16c rdrand hypervisor lahf_lm abm 3dnowprefetch cpuid_fault invpcid_single pti ssbd ibrs ibpb stibp fsgsbase tsc_adjust bmi1 avx2 smep bmi2 invpcid rdseed adx smap clflushopt xsaveopt xsavec xsaves arat flush_l1d arch_capabilities
bugs		: cpu_meltdown spectre_v1 spectre_v2 spec_store_bypass l1tf
bogomips	: 4800.16
clflush size	: 64
cache_alignment	: 64
address sizes	: 43 bits physical, 48 bits virtual
power management:



Memory: 4k page, physical 1951356k(52556k free), swap 998396k(0k free)

vm_info: OpenJDK 64-Bit Server VM (25.252-b09) for linux-amd64 JRE (1.8.0_252-8u252-b09-1~16.04-b09), built on Apr 15 2020 21:06:51 by "buildd" with gcc 5.4.0 20160609

time: Tue Jul 21 15:21:29 2020
timezone: CST
elapsed time: 10 seconds (0d 0h 0m 10s)

